00:18:20.550 [main] DEBUG com.intuit.karate.Suite - [config] classpath:karate-config.js
00:18:20.580 [main] INFO  c.intuit.karate.core.FeatureRuntime - found scenario at line: 19 - ^Registro de usuario en yappy .*$
00:18:21.752 [main] INFO  com.intuit.karate - karate.env system property was: null 
00:18:21.827 [main] INFO  com.intuit.karate - [print] Usuario a registrarse 
00:18:21.833 [main] INFO  com.intuit.karate - [print] {
  "phone": "+50764210000",
  "password": "Test1234*"
}
 
00:18:21.838 [main] INFO  com.intuit.karate - [print] {
  "status": 200,
  "description": "usuario registrado correctamente"
}
 
00:18:21.839 [main] INFO  c.intuit.karate.core.FeatureRuntime - found scenario at line: 20 - ^Registro de usuario en yappy .*$
00:18:21.844 [main] INFO  com.intuit.karate - karate.env system property was: null 
00:18:21.846 [main] INFO  com.intuit.karate - [print] Usuario a registrarse 
00:18:21.847 [main] INFO  com.intuit.karate - [print] {
  "phone": "+50764210001",
  "password": "Test1234@"
}
 
00:18:21.848 [main] INFO  com.intuit.karate - [print] {
  "status": 200,
  "description": "usuario registrado correctamente"
}
 
00:18:21.848 [main] INFO  c.intuit.karate.core.FeatureRuntime - found scenario at line: 21 - ^Registro de usuario en yappy .*$
00:18:21.854 [main] INFO  com.intuit.karate - karate.env system property was: null 
00:18:21.856 [main] INFO  com.intuit.karate - [print] Usuario a registrarse 
00:18:21.857 [main] INFO  com.intuit.karate - [print] {
  "phone": "+50764210002",
  "password": "Test1234="
}
 
00:18:21.858 [main] INFO  com.intuit.karate - [print] {
  "status": 200,
  "description": "usuario registrado correctamente"
}
 
00:18:21.858 [main] INFO  c.intuit.karate.core.FeatureRuntime - found scenario at line: 22 - ^Registro de usuario en yappy .*$
00:18:21.865 [main] INFO  com.intuit.karate - karate.env system property was: null 
00:18:21.867 [main] INFO  com.intuit.karate - [print] Usuario a registrarse 
00:18:21.868 [main] INFO  com.intuit.karate - [print] {
  "phone": "+50764210003",
  "password": "Test1234-"
}
 
00:18:21.869 [main] INFO  com.intuit.karate - [print] {
  "status": 200,
  "description": "usuario registrado correctamente"
}
 
00:18:22.291 [main] INFO  com.intuit.karate.Suite - <<pass>> feature 1 of 1 (0 remaining) src/test/java/chapterTestContainer/testScenarioOutline/TestPasswordExample/noJsonFileExample.feature
